\BOOKMARK [1][-]{section.1}{\376\377\0001\000\040\000I\000n\000t\000r\000o\000d\000u\000\347\000\343\000o}{}% 1
\BOOKMARK [1][-]{section.2}{\376\377\0002\000\040\000M\000e\000t\000o\000d\000o\000l\000o\000g\000i\000a}{}% 2
\BOOKMARK [2][-]{subsection.2.1}{\376\377\0002\000.\0001\000\040\000C\000a\000r\000a\000c\000t\000e\000r\000i\000z\000a\000\347\000\343\000o\000\040\000T\000\351\000c\000n\000i\000c\000a\000\040\000d\000a\000s\000\040\000V\000i\000g\000a\000s\000\040\000W\000\040\000A\000S\000T\000M\000\040\000A\0005\0007\0002\000\040\000G\000r\000a\000u\000\040\0005\0000}{section.2}% 3
\BOOKMARK [2][-]{subsection.2.2}{\376\377\0002\000.\0002\000\040\000D\000e\000s\000c\000r\000i\000\347\000\343\000o\000\040\000C\000o\000m\000p\000l\000e\000t\000a\000\040\000d\000o\000\040\000D\000a\000t\000a\000s\000e\000t\000\040\000d\000e\000\040\000I\000m\000a\000g\000e\000n\000s\000\040\000d\000e\000\040\000C\000o\000r\000r\000o\000s\000\343\000o}{section.2}% 4
\BOOKMARK [2][-]{subsection.2.3}{\376\377\0002\000.\0003\000\040\000E\000s\000p\000e\000c\000i\000f\000i\000c\000a\000\347\000\365\000e\000s\000\040\000A\000r\000q\000u\000i\000t\000e\000t\000u\000r\000a\000i\000s\000\040\000U\000-\000N\000e\000t\000\040\000e\000\040\000A\000t\000t\000e\000n\000t\000i\000o\000n\000\040\000U\000-\000N\000e\000t}{section.2}% 5
\BOOKMARK [3][-]{subsubsection.2.3.1}{\376\377\0002\000.\0003\000.\0001\000\040\000A\000r\000q\000u\000i\000t\000e\000t\000u\000r\000a\000\040\000U\000-\000N\000e\000t\000\040\000C\000l\000\341\000s\000s\000i\000c\000a}{subsection.2.3}% 6
\BOOKMARK [3][-]{subsubsection.2.3.2}{\376\377\0002\000.\0003\000.\0002\000\040\000A\000r\000q\000u\000i\000t\000e\000t\000u\000r\000a\000\040\000A\000t\000t\000e\000n\000t\000i\000o\000n\000\040\000U\000-\000N\000e\000t}{subsection.2.3}% 7
\BOOKMARK [2][-]{subsection.2.4}{\376\377\0002\000.\0004\000\040\000P\000r\000o\000t\000o\000c\000o\000l\000o\000\040\000E\000x\000p\000e\000r\000i\000m\000e\000n\000t\000a\000l\000\040\000c\000o\000m\000\040\000C\000o\000n\000f\000i\000g\000u\000r\000a\000\347\000\365\000e\000s\000\040\000d\000e\000\040\000T\000r\000e\000i\000n\000a\000m\000e\000n\000t\000o}{section.2}% 8
\BOOKMARK [2][-]{subsection.2.5}{\376\377\0002\000.\0005\000\040\000M\000\351\000t\000r\000i\000c\000a\000s\000\040\000d\000e\000\040\000A\000v\000a\000l\000i\000a\000\347\000\343\000o\000\040\000\050\000I\000o\000U\000,\000\040\000D\000i\000c\000e\000,\000\040\000P\000r\000e\000c\000i\000s\000i\000o\000n\000,\000\040\000R\000e\000c\000a\000l\000l\000,\000\040\000F\0001\000-\000S\000c\000o\000r\000e\000\051}{section.2}% 9
\BOOKMARK [1][-]{section.3}{\376\377\0003\000\040\000R\000e\000s\000u\000l\000t\000a\000d\000o\000s}{}% 10
\BOOKMARK [2][-]{subsection.3.1}{\376\377\0003\000.\0001\000\040\000A\000n\000\341\000l\000i\000s\000e\000\040\000D\000e\000s\000c\000r\000i\000t\000i\000v\000a\000\040\000d\000o\000\040\000D\000a\000t\000a\000s\000e\000t}{section.3}% 11
\BOOKMARK [2][-]{subsection.3.2}{\376\377\0003\000.\0002\000\040\000P\000e\000r\000f\000o\000r\000m\000a\000n\000c\000e\000\040\000Q\000u\000a\000n\000t\000i\000t\000a\000t\000i\000v\000a\000\040\000d\000a\000s\000\040\000A\000r\000q\000u\000i\000t\000e\000t\000u\000r\000a\000s}{section.3}% 12
\BOOKMARK [3][-]{subsubsection.3.2.1}{\376\377\0003\000.\0002\000.\0001\000\040\000M\000\351\000t\000r\000i\000c\000a\000s\000\040\000d\000e\000\040\000S\000e\000g\000m\000e\000n\000t\000a\000\347\000\343\000o\000\040\000S\000e\000m\000\342\000n\000t\000i\000c\000a}{subsection.3.2}% 13
\BOOKMARK [3][-]{subsubsection.3.2.2}{\376\377\0003\000.\0002\000.\0002\000\040\000A\000n\000\341\000l\000i\000s\000e\000\040\000d\000e\000\040\000P\000e\000r\000f\000o\000r\000m\000a\000n\000c\000e\000\040\000p\000o\000r\000\040\000C\000a\000t\000e\000g\000o\000r\000i\000a\000\040\000d\000e\000\040\000C\000o\000r\000r\000o\000s\000\343\000o}{subsection.3.2}% 14
\BOOKMARK [3][-]{subsubsection.3.2.3}{\376\377\0003\000.\0002\000.\0003\000\040\000E\000f\000i\000c\000i\000\352\000n\000c\000i\000a\000\040\000C\000o\000m\000p\000u\000t\000a\000c\000i\000o\000n\000a\000l}{subsection.3.2}% 15
\BOOKMARK [2][-]{subsection.3.3}{\376\377\0003\000.\0003\000\040\000A\000n\000\341\000l\000i\000s\000e\000\040\000C\000o\000m\000p\000a\000r\000a\000t\000i\000v\000a\000\040\000c\000o\000m\000\040\000T\000e\000s\000t\000e\000s\000\040\000E\000s\000t\000a\000t\000\355\000s\000t\000i\000c\000o\000s}{section.3}% 16
\BOOKMARK [3][-]{subsubsection.3.3.1}{\376\377\0003\000.\0003\000.\0001\000\040\000S\000i\000g\000n\000i\000f\000i\000c\000\342\000n\000c\000i\000a\000\040\000E\000s\000t\000a\000t\000\355\000s\000t\000i\000c\000a}{subsection.3.3}% 17
\BOOKMARK [3][-]{subsubsection.3.3.2}{\376\377\0003\000.\0003\000.\0002\000\040\000A\000n\000\341\000l\000i\000s\000e\000\040\000d\000e\000\040\000P\000o\000d\000e\000r\000\040\000E\000s\000t\000a\000t\000\355\000s\000t\000i\000c\000o}{subsection.3.3}% 18
\BOOKMARK [3][-]{subsubsection.3.3.3}{\376\377\0003\000.\0003\000.\0003\000\040\000I\000n\000t\000e\000r\000v\000a\000l\000o\000s\000\040\000d\000e\000\040\000C\000o\000n\000f\000i\000a\000n\000\347\000a\000\040\000e\000\040\000P\000r\000e\000c\000i\000s\000\343\000o\000\040\000d\000a\000s\000\040\000E\000s\000t\000i\000m\000a\000t\000i\000v\000a\000s}{subsection.3.3}% 19
\BOOKMARK [3][-]{subsubsection.3.3.4}{\376\377\0003\000.\0003\000.\0004\000\040\000A\000n\000\341\000l\000i\000s\000e\000\040\000d\000e\000\040\000C\000o\000r\000r\000e\000l\000a\000\347\000\343\000o\000\040\000e\000n\000t\000r\000e\000\040\000M\000\351\000t\000r\000i\000c\000a\000s}{subsection.3.3}% 20
\BOOKMARK [2][-]{subsection.3.4}{\376\377\0003\000.\0004\000\040\000A\000n\000\341\000l\000i\000s\000e\000\040\000Q\000u\000a\000l\000i\000t\000a\000t\000i\000v\000a\000\040\000d\000a\000s\000\040\000S\000e\000g\000m\000e\000n\000t\000a\000\347\000\365\000e\000s\000\040\000G\000e\000r\000a\000d\000a\000s}{section.3}% 21
\BOOKMARK [3][-]{subsubsection.3.4.1}{\376\377\0003\000.\0004\000.\0001\000\040\000C\000a\000s\000o\000s\000\040\000d\000e\000\040\000S\000u\000c\000e\000s\000s\000o}{subsection.3.4}% 22
\BOOKMARK [3][-]{subsubsection.3.4.2}{\376\377\0003\000.\0004\000.\0002\000\040\000C\000a\000s\000o\000s\000\040\000D\000e\000s\000a\000f\000i\000a\000d\000o\000r\000e\000s}{subsection.3.4}% 23
\BOOKMARK [3][-]{subsubsection.3.4.3}{\376\377\0003\000.\0004\000.\0003\000\040\000L\000i\000m\000i\000t\000a\000\347\000\365\000e\000s\000\040\000I\000d\000e\000n\000t\000i\000f\000i\000c\000a\000d\000a\000s}{subsection.3.4}% 24
\BOOKMARK [3][-]{subsubsection.3.4.4}{\376\377\0003\000.\0004\000.\0004\000\040\000M\000a\000p\000a\000s\000\040\000d\000e\000\040\000A\000t\000e\000n\000\347\000\343\000o\000\040\000e\000\040\000I\000n\000t\000e\000r\000p\000r\000e\000t\000a\000b\000i\000l\000i\000d\000a\000d\000e}{subsection.3.4}% 25
\BOOKMARK [1][-]{section.4}{\376\377\0004\000\040\000D\000i\000s\000c\000u\000s\000s\000\343\000o}{}% 26
\BOOKMARK [2][-]{subsection.4.1}{\376\377\0004\000.\0001\000\040\000I\000n\000t\000e\000r\000p\000r\000e\000t\000a\000\347\000\343\000o\000\040\000d\000o\000s\000\040\000R\000e\000s\000u\000l\000t\000a\000d\000o\000s\000\040\000E\000x\000p\000e\000r\000i\000m\000e\000n\000t\000a\000i\000s}{section.4}% 27
\BOOKMARK [2][-]{subsection.4.2}{\376\377\0004\000.\0002\000\040\000I\000m\000p\000l\000i\000c\000a\000\347\000\365\000e\000s\000\040\000P\000r\000\341\000t\000i\000c\000a\000s\000\040\000p\000a\000r\000a\000\040\000I\000n\000s\000p\000e\000\347\000\343\000o\000\040\000d\000e\000\040\000E\000s\000t\000r\000u\000t\000u\000r\000a\000s\000\040\000M\000e\000t\000\341\000l\000i\000c\000a\000s}{section.4}% 28
\BOOKMARK [2][-]{subsection.4.3}{\376\377\0004\000.\0003\000\040\000L\000i\000m\000i\000t\000a\000\347\000\365\000e\000s\000\040\000M\000e\000t\000o\000d\000o\000l\000\363\000g\000i\000c\000a\000s\000\040\000e\000\040\000T\000\351\000c\000n\000i\000c\000a\000s\000\040\000d\000o\000\040\000E\000s\000t\000u\000d\000o}{section.4}% 29
\BOOKMARK [2][-]{subsection.4.4}{\376\377\0004\000.\0004\000\040\000D\000i\000r\000e\000\347\000\365\000e\000s\000\040\000E\000s\000p\000e\000c\000\355\000f\000i\000c\000a\000s\000\040\000p\000a\000r\000a\000\040\000P\000e\000s\000q\000u\000i\000s\000a\000s\000\040\000F\000u\000t\000u\000r\000a\000s}{section.4}% 30
\BOOKMARK [3][-]{subsubsection.4.4.1}{\376\377\0004\000.\0004\000.\0001\000\040\000E\000x\000p\000a\000n\000s\000\343\000o\000\040\000e\000\040\000D\000i\000v\000e\000r\000s\000i\000f\000i\000c\000a\000\347\000\343\000o\000\040\000d\000e\000\040\000D\000a\000t\000a\000s\000e\000t\000s}{subsection.4.4}% 31
\BOOKMARK [3][-]{subsubsection.4.4.2}{\376\377\0004\000.\0004\000.\0002\000\040\000A\000r\000q\000u\000i\000t\000e\000t\000u\000r\000a\000s\000\040\000A\000v\000a\000n\000\347\000a\000d\000a\000s\000\040\000e\000\040\000T\000\351\000c\000n\000i\000c\000a\000s\000\040\000E\000m\000e\000r\000g\000e\000n\000t\000e\000s}{subsection.4.4}% 32
\BOOKMARK [3][-]{subsubsection.4.4.3}{\376\377\0004\000.\0004\000.\0003\000\040\000I\000n\000t\000e\000g\000r\000a\000\347\000\343\000o\000\040\000M\000u\000l\000t\000i\000m\000o\000d\000a\000l\000\040\000e\000\040\000S\000e\000n\000s\000o\000r\000i\000a\000m\000e\000n\000t\000o\000\040\000A\000v\000a\000n\000\347\000a\000d\000o}{subsection.4.4}% 33
\BOOKMARK [3][-]{subsubsection.4.4.4}{\376\377\0004\000.\0004\000.\0004\000\040\000M\000o\000d\000e\000l\000a\000g\000e\000m\000\040\000P\000r\000e\000d\000i\000t\000i\000v\000a\000\040\000e\000\040\000M\000a\000n\000u\000t\000e\000n\000\347\000\343\000o\000\040\000I\000n\000t\000e\000l\000i\000g\000e\000n\000t\000e}{subsection.4.4}% 34
\BOOKMARK [3][-]{subsubsection.4.4.5}{\376\377\0004\000.\0004\000.\0005\000\040\000V\000a\000l\000i\000d\000a\000\347\000\343\000o\000\040\000e\000m\000\040\000E\000s\000c\000a\000l\000a\000\040\000R\000e\000a\000l\000\040\000e\000\040\000I\000m\000p\000l\000e\000m\000e\000n\000t\000a\000\347\000\343\000o\000\040\000P\000r\000\341\000t\000i\000c\000a}{subsection.4.4}% 35
\BOOKMARK [3][-]{subsubsection.4.4.6}{\376\377\0004\000.\0004\000.\0006\000\040\000I\000m\000p\000a\000c\000t\000o\000\040\000S\000o\000c\000i\000o\000e\000c\000o\000n\000\364\000m\000i\000c\000o\000\040\000e\000\040\000S\000u\000s\000t\000e\000n\000t\000a\000b\000i\000l\000i\000d\000a\000d\000e}{subsection.4.4}% 36
\BOOKMARK [1][-]{section.5}{\376\377\0005\000\040\000C\000o\000n\000c\000l\000u\000s\000\365\000e\000s}{}% 37
\BOOKMARK [1][-]{section.6}{\376\377\0006\000\040\000R\000e\000f\000e\000r\000\352\000n\000c\000i\000a\000s}{}% 38
